<?xml version="1.0" encoding="UTF-8" ?>
<testsuite errors="1" failures="0" hostname="FranciscoVB" name="ProductoTest" skipped="0" tests="1" time="0.376" timestamp="2016-12-05T04:08:27">
  <properties>
[...]
</properties>
  <testcase classname="ProductoTest" name="initializationError" time="0.053">
    <error message="org/hamcrest/SelfDescribing" type="java.lang.NoClassDefFoundError">java.lang.NoClassDefFoundError: org/hamcrest/SelfDescribing
	at java.lang.ClassLoader.defineClass1(Native Method)
	at java.lang.ClassLoader.defineClass(ClassLoader.java:763)
	at java.lang.ClassLoader.loadClass(ClassLoader.java:357)
	at java.lang.reflect.Constructor.newInstance(Constructor.java:423)
Caused by: java.lang.ClassNotFoundException: org.hamcrest.SelfDescribing
	at java.lang.ClassLoader.loadClass(ClassLoader.java:357)
</error>
  </testcase>
  <system-out><![CDATA[]]></system-out>
  <system-err><![CDATA[]]></system-err>
</testsuite>
